[0.336s] Invoking command in '/home/genozen/Documents/the_gaurdian/the-gaurdian/build/guardian_control': PYTHONPATH=/home/genozen/Documents/the_gaurdian/the-gaurdian/build/guardian_control/prefix_override:/usr/lib/python3/dist-packages/colcon_core/task/python/colcon_distutils_commands:/home/genozen/Documents/the_gaurdian/the-gaurdian/install/guardian_control/lib/python3.10/site-packages:${PYTHONPATH} /usr/bin/python3 -W ignore:setup.py install is deprecated -W ignore:easy_install command is deprecated setup.py develop --editable --build-directory /home/genozen/Documents/the_gaurdian/the-gaurdian/build/guardian_control/build --no-deps symlink_data --force
[0.475s] running develop
[0.571s] running egg_info
[0.571s] writing guardian_control.egg-info/PKG-INFO
[0.571s] writing dependency_links to guardian_control.egg-info/dependency_links.txt
[0.571s] writing entry points to guardian_control.egg-info/entry_points.txt
[0.571s] writing requirements to guardian_control.egg-info/requires.txt
[0.572s] writing top-level names to guardian_control.egg-info/top_level.txt
[0.572s] reading manifest file 'guardian_control.egg-info/SOURCES.txt'
[0.573s] writing manifest file 'guardian_control.egg-info/SOURCES.txt'
[0.573s] running build_ext
[0.574s] Creating /home/genozen/Documents/the_gaurdian/the-gaurdian/install/guardian_control/lib/python3.10/site-packages/guardian-control.egg-link (link to .)
[0.574s] Installing guadian_nav_node script to /home/genozen/Documents/the_gaurdian/the-gaurdian/install/guardian_control/lib/guardian_control
[0.574s] Installing joy_to_serial_node script to /home/genozen/Documents/the_gaurdian/the-gaurdian/install/guardian_control/lib/guardian_control
[0.574s] 
[0.574s] Installed /home/genozen/Documents/the_gaurdian/the-gaurdian/build/guardian_control
[0.574s] running symlink_data
[0.574s] symbolically linking /home/genozen/Documents/the_gaurdian/the-gaurdian/build/guardian_control/resource/guardian_control -> /home/genozen/Documents/the_gaurdian/the-gaurdian/install/guardian_control/share/ament_index/resource_index/packages
[0.574s] symbolically linking /home/genozen/Documents/the_gaurdian/the-gaurdian/build/guardian_control/package.xml -> /home/genozen/Documents/the_gaurdian/the-gaurdian/install/guardian_control/share/guardian_control
[0.588s] Invoked command in '/home/genozen/Documents/the_gaurdian/the-gaurdian/build/guardian_control' returned '0': PYTHONPATH=/home/genozen/Documents/the_gaurdian/the-gaurdian/build/guardian_control/prefix_override:/usr/lib/python3/dist-packages/colcon_core/task/python/colcon_distutils_commands:/home/genozen/Documents/the_gaurdian/the-gaurdian/install/guardian_control/lib/python3.10/site-packages:${PYTHONPATH} /usr/bin/python3 -W ignore:setup.py install is deprecated -W ignore:easy_install command is deprecated setup.py develop --editable --build-directory /home/genozen/Documents/the_gaurdian/the-gaurdian/build/guardian_control/build --no-deps symlink_data --force
