[1.633s] Invoking command in '/home/genozen/Documents/the_gaurdian/build/guardian_control': PYTHONPATH=/home/genozen/Documents/the_gaurdian/build/guardian_control/prefix_override:/usr/lib/python3/dist-packages/colcon_core/task/python/colcon_distutils_commands:/home/genozen/Documents/the_gaurdian/install/guardian_control/lib/python3.10/site-packages:${PYTHONPATH} /usr/bin/python3 -W ignore:setup.py install is deprecated -W ignore:easy_install command is deprecated setup.py develop --editable --build-directory /home/genozen/Documents/the_gaurdian/build/guardian_control/build --no-deps symlink_data
[2.314s] running develop
[2.810s] running egg_info
[2.811s] creating guardian_control.egg-info
[2.811s] writing guardian_control.egg-info/PKG-INFO
[2.811s] writing dependency_links to guardian_control.egg-info/dependency_links.txt
[2.812s] writing entry points to guardian_control.egg-info/entry_points.txt
[2.812s] writing requirements to guardian_control.egg-info/requires.txt
[2.812s] writing top-level names to guardian_control.egg-info/top_level.txt
[2.813s] writing manifest file 'guardian_control.egg-info/SOURCES.txt'
[2.818s] reading manifest file 'guardian_control.egg-info/SOURCES.txt'
[2.819s] writing manifest file 'guardian_control.egg-info/SOURCES.txt'
[2.823s] running build_ext
[2.823s] Creating /home/genozen/Documents/the_gaurdian/install/guardian_control/lib/python3.10/site-packages/guardian-control.egg-link (link to .)
[2.825s] Installing fire_detector script to /home/genozen/Documents/the_gaurdian/install/guardian_control/lib/guardian_control
[2.826s] Installing guardian_nav_node script to /home/genozen/Documents/the_gaurdian/install/guardian_control/lib/guardian_control
[2.826s] Installing joy_to_serial_node script to /home/genozen/Documents/the_gaurdian/install/guardian_control/lib/guardian_control
[2.826s] 
[2.827s] Installed /home/genozen/Documents/the_gaurdian/build/guardian_control
[2.827s] running symlink_data
[2.827s] creating /home/genozen/Documents/the_gaurdian/install/guardian_control/share/ament_index
[2.828s] creating /home/genozen/Documents/the_gaurdian/install/guardian_control/share/ament_index/resource_index
[2.828s] creating /home/genozen/Documents/the_gaurdian/install/guardian_control/share/ament_index/resource_index/packages
[2.828s] symbolically linking /home/genozen/Documents/the_gaurdian/build/guardian_control/resource/guardian_control -> /home/genozen/Documents/the_gaurdian/install/guardian_control/share/ament_index/resource_index/packages
[2.828s] symbolically linking /home/genozen/Documents/the_gaurdian/build/guardian_control/package.xml -> /home/genozen/Documents/the_gaurdian/install/guardian_control/share/guardian_control
[2.829s] creating /home/genozen/Documents/the_gaurdian/install/guardian_control/share/guardian_control/models
[2.829s] error: can't copy '/home/genozen/Documents/the_gaurdian/build/guardian_control/src/guardian_control/models/yolo11n.engine': doesn't exist or not a regular file
[2.922s] Invoked command in '/home/genozen/Documents/the_gaurdian/build/guardian_control' returned '1': PYTHONPATH=/home/genozen/Documents/the_gaurdian/build/guardian_control/prefix_override:/usr/lib/python3/dist-packages/colcon_core/task/python/colcon_distutils_commands:/home/genozen/Documents/the_gaurdian/install/guardian_control/lib/python3.10/site-packages:${PYTHONPATH} /usr/bin/python3 -W ignore:setup.py install is deprecated -W ignore:easy_install command is deprecated setup.py develop --editable --build-directory /home/genozen/Documents/the_gaurdian/build/guardian_control/build --no-deps symlink_data
