running develop
Removing /home/genozen/Documents/the_gaurdian/install/guardian_control/lib/python3.10/site-packages/guardian-control.egg-link (link to .)
running egg_info
writing ../../build/guardian_control/guardian_control.egg-info/PKG-INFO
writing dependency_links to ../../build/guardian_control/guardian_control.egg-info/dependency_links.txt
writing entry points to ../../build/guardian_control/guardian_control.egg-info/entry_points.txt
writing requirements to ../../build/guardian_control/guardian_control.egg-info/requires.txt
writing top-level names to ../../build/guardian_control/guardian_control.egg-info/top_level.txt
reading manifest file '../../build/guardian_control/guardian_control.egg-info/SOURCES.txt'
writing manifest file '../../build/guardian_control/guardian_control.egg-info/SOURCES.txt'
running build
running build_py
copying guardian_control/joy_to_serial_node.py -> /home/genozen/Documents/the_gaurdian/build/guardian_control/build/lib/guardian_control
running install
running install_lib
creating /home/genozen/Documents/the_gaurdian/install/guardian_control/lib/python3.10/site-packages/guardian_control
copying /home/genozen/Documents/the_gaurdian/build/guardian_control/build/lib/guardian_control/__init__.py -> /home/genozen/Documents/the_gaurdian/install/guardian_control/lib/python3.10/site-packages/guardian_control
copying /home/genozen/Documents/the_gaurdian/build/guardian_control/build/lib/guardian_control/joy_to_serial_node.py -> /home/genozen/Documents/the_gaurdian/install/guardian_control/lib/python3.10/site-packages/guardian_control
byte-compiling /home/genozen/Documents/the_gaurdian/install/guardian_control/lib/python3.10/site-packages/guardian_control/__init__.py to __init__.cpython-310.pyc
byte-compiling /home/genozen/Documents/the_gaurdian/install/guardian_control/lib/python3.10/site-packages/guardian_control/joy_to_serial_node.py to joy_to_serial_node.cpython-310.pyc
running install_data
copying resource/guardian_control -> /home/genozen/Documents/the_gaurdian/install/guardian_control/share/ament_index/resource_index/packages
copying package.xml -> /home/genozen/Documents/the_gaurdian/install/guardian_control/share/guardian_control
running install_egg_info
Copying ../../build/guardian_control/guardian_control.egg-info to /home/genozen/Documents/the_gaurdian/install/guardian_control/lib/python3.10/site-packages/guardian_control-0.0.0-py3.10.egg-info
running install_scripts
Installing joy_to_serial_node script to /home/genozen/Documents/the_gaurdian/install/guardian_control/lib/guardian_control
writing list of installed files to '/home/genozen/Documents/the_gaurdian/build/guardian_control/install.log'
