[0.314s] DEBUG:colcon:Command line arguments: ['/usr/bin/colcon', 'build', '--symlink-install']
[0.314s] DEBUG:colcon:Parsed command line arguments: Namespace(log_base=None, log_level=None, verb_name='build', build_base='build', install_base='install', merge_install=False, symlink_install=True, test_result_base=None, continue_on_error=False, executor='parallel', parallel_workers=6, event_handlers=None, ignore_user_meta=False, metas=['./colcon.meta'], base_paths=['.'], packages_ignore=None, packages_ignore_regex=None, paths=None, packages_up_to=None, packages_up_to_regex=None, packages_above=None, packages_above_and_dependencies=None, packages_above_depth=None, packages_select_by_dep=None, packages_skip_by_dep=None, packages_skip_up_to=None, packages_select_build_failed=False, packages_skip_build_finished=False, packages_select_test_failures=False, packages_skip_test_passed=False, packages_select=None, packages_skip=None, packages_select_regex=None, packages_skip_regex=None, packages_start=None, packages_end=None, allow_overriding=[], cmake_args=None, cmake_target=None, cmake_target_skip_unavailable=False, cmake_clean_cache=False, cmake_clean_first=False, cmake_force_configure=False, ament_cmake_args=None, catkin_cmake_args=None, catkin_skip_building_tests=False, mixin_files=None, mixin=None, verb_parser=<colcon_mixin.mixin.mixin_argument.MixinArgumentDecorator object at 0xffffbb479ea0>, verb_extension=<colcon_core.verb.build.BuildVerb object at 0xffffbb4798a0>, main=<bound method BuildVerb.main of <colcon_core.verb.build.BuildVerb object at 0xffffbb4798a0>>, mixin_verb=('build',))
[0.854s] Level 1:colcon.colcon_core.package_discovery:discover_packages(colcon_meta) check parameters
[0.854s] Level 1:colcon.colcon_core.package_discovery:discover_packages(recursive) check parameters
[0.854s] Level 1:colcon.colcon_core.package_discovery:discover_packages(ignore) check parameters
[0.855s] Level 1:colcon.colcon_core.package_discovery:discover_packages(path) check parameters
[0.855s] Level 1:colcon.colcon_core.package_discovery:discover_packages(colcon_meta) discover
[0.855s] Level 1:colcon.colcon_core.package_discovery:discover_packages(recursive) discover
[0.855s] INFO:colcon.colcon_core.package_discovery:Crawling recursively for packages in '/home/genozen/Documents/the_gaurdian'
[0.855s] Level 1:colcon.colcon_core.package_identification:_identify(.) by extensions ['ignore', 'ignore_ament_install']
[0.856s] Level 1:colcon.colcon_core.package_identification:_identify(.) by extension 'ignore'
[0.856s] Level 1:colcon.colcon_core.package_identification:_identify(.) by extension 'ignore_ament_install'
[0.856s] Level 1:colcon.colcon_core.package_identification:_identify(.) by extensions ['colcon_pkg']
[0.856s] Level 1:colcon.colcon_core.package_identification:_identify(.) by extension 'colcon_pkg'
[0.856s] Level 1:colcon.colcon_core.package_identification:_identify(.) by extensions ['colcon_meta']
[0.856s] Level 1:colcon.colcon_core.package_identification:_identify(.) by extension 'colcon_meta'
[0.856s] Level 1:colcon.colcon_core.package_identification:_identify(.) by extensions ['ros']
[0.856s] Level 1:colcon.colcon_core.package_identification:_identify(.) by extension 'ros'
[0.882s] Level 1:colcon.colcon_core.package_identification:_identify(.) by extensions ['cmake', 'python']
[0.882s] Level 1:colcon.colcon_core.package_identification:_identify(.) by extension 'cmake'
[0.882s] Level 1:colcon.colcon_core.package_identification:_identify(.) by extension 'python'
[0.883s] Level 1:colcon.colcon_core.package_identification:_identify(.) by extensions ['python_setup_py']
[0.883s] Level 1:colcon.colcon_core.package_identification:_identify(.) by extension 'python_setup_py'
[0.883s] Level 1:colcon.colcon_core.package_identification:_identify(bascket_t1_steady) by extensions ['ignore', 'ignore_ament_install']
[0.883s] Level 1:colcon.colcon_core.package_identification:_identify(bascket_t1_steady) by extension 'ignore'
[0.883s] Level 1:colcon.colcon_core.package_identification:_identify(bascket_t1_steady) by extension 'ignore_ament_install'
[0.884s] Level 1:colcon.colcon_core.package_identification:_identify(bascket_t1_steady) by extensions ['colcon_pkg']
[0.884s] Level 1:colcon.colcon_core.package_identification:_identify(bascket_t1_steady) by extension 'colcon_pkg'
[0.884s] Level 1:colcon.colcon_core.package_identification:_identify(bascket_t1_steady) by extensions ['colcon_meta']
[0.884s] Level 1:colcon.colcon_core.package_identification:_identify(bascket_t1_steady) by extension 'colcon_meta'
[0.884s] Level 1:colcon.colcon_core.package_identification:_identify(bascket_t1_steady) by extensions ['ros']
[0.884s] Level 1:colcon.colcon_core.package_identification:_identify(bascket_t1_steady) by extension 'ros'
[0.884s] Level 1:colcon.colcon_core.package_identification:_identify(bascket_t1_steady) by extensions ['cmake', 'python']
[0.884s] Level 1:colcon.colcon_core.package_identification:_identify(bascket_t1_steady) by extension 'cmake'
[0.885s] Level 1:colcon.colcon_core.package_identification:_identify(bascket_t1_steady) by extension 'python'
[0.885s] Level 1:colcon.colcon_core.package_identification:_identify(bascket_t1_steady) by extensions ['python_setup_py']
[0.885s] Level 1:colcon.colcon_core.package_identification:_identify(bascket_t1_steady) by extension 'python_setup_py'
[0.885s] Level 1:colcon.colcon_core.package_identification:_identify(bascket_t2) by extensions ['ignore', 'ignore_ament_install']
[0.885s] Level 1:colcon.colcon_core.package_identification:_identify(bascket_t2) by extension 'ignore'
[0.885s] Level 1:colcon.colcon_core.package_identification:_identify(bascket_t2) by extension 'ignore_ament_install'
[0.885s] Level 1:colcon.colcon_core.package_identification:_identify(bascket_t2) by extensions ['colcon_pkg']
[0.886s] Level 1:colcon.colcon_core.package_identification:_identify(bascket_t2) by extension 'colcon_pkg'
[0.886s] Level 1:colcon.colcon_core.package_identification:_identify(bascket_t2) by extensions ['colcon_meta']
[0.886s] Level 1:colcon.colcon_core.package_identification:_identify(bascket_t2) by extension 'colcon_meta'
[0.886s] Level 1:colcon.colcon_core.package_identification:_identify(bascket_t2) by extensions ['ros']
[0.886s] Level 1:colcon.colcon_core.package_identification:_identify(bascket_t2) by extension 'ros'
[0.886s] Level 1:colcon.colcon_core.package_identification:_identify(bascket_t2) by extensions ['cmake', 'python']
[0.886s] Level 1:colcon.colcon_core.package_identification:_identify(bascket_t2) by extension 'cmake'
[0.886s] Level 1:colcon.colcon_core.package_identification:_identify(bascket_t2) by extension 'python'
[0.887s] Level 1:colcon.colcon_core.package_identification:_identify(bascket_t2) by extensions ['python_setup_py']
[0.887s] Level 1:colcon.colcon_core.package_identification:_identify(bascket_t2) by extension 'python_setup_py'
[0.887s] Level 1:colcon.colcon_core.package_identification:_identify(bascket_t3) by extensions ['ignore', 'ignore_ament_install']
[0.887s] Level 1:colcon.colcon_core.package_identification:_identify(bascket_t3) by extension 'ignore'
[0.887s] Level 1:colcon.colcon_core.package_identification:_identify(bascket_t3) by extension 'ignore_ament_install'
[0.887s] Level 1:colcon.colcon_core.package_identification:_identify(bascket_t3) by extensions ['colcon_pkg']
[0.887s] Level 1:colcon.colcon_core.package_identification:_identify(bascket_t3) by extension 'colcon_pkg'
[0.887s] Level 1:colcon.colcon_core.package_identification:_identify(bascket_t3) by extensions ['colcon_meta']
[0.888s] Level 1:colcon.colcon_core.package_identification:_identify(bascket_t3) by extension 'colcon_meta'
[0.888s] Level 1:colcon.colcon_core.package_identification:_identify(bascket_t3) by extensions ['ros']
[0.888s] Level 1:colcon.colcon_core.package_identification:_identify(bascket_t3) by extension 'ros'
[0.888s] Level 1:colcon.colcon_core.package_identification:_identify(bascket_t3) by extensions ['cmake', 'python']
[0.888s] Level 1:colcon.colcon_core.package_identification:_identify(bascket_t3) by extension 'cmake'
[0.888s] Level 1:colcon.colcon_core.package_identification:_identify(bascket_t3) by extension 'python'
[0.888s] Level 1:colcon.colcon_core.package_identification:_identify(bascket_t3) by extensions ['python_setup_py']
[0.888s] Level 1:colcon.colcon_core.package_identification:_identify(bascket_t3) by extension 'python_setup_py'
[0.889s] Level 1:colcon.colcon_core.package_identification:_identify(bascket_t4) by extensions ['ignore', 'ignore_ament_install']
[0.890s] Level 1:colcon.colcon_core.package_identification:_identify(bascket_t4) by extension 'ignore'
[0.890s] Level 1:colcon.colcon_core.package_identification:_identify(bascket_t4) by extension 'ignore_ament_install'
[0.890s] Level 1:colcon.colcon_core.package_identification:_identify(bascket_t4) by extensions ['colcon_pkg']
[0.890s] Level 1:colcon.colcon_core.package_identification:_identify(bascket_t4) by extension 'colcon_pkg'
[0.890s] Level 1:colcon.colcon_core.package_identification:_identify(bascket_t4) by extensions ['colcon_meta']
[0.890s] Level 1:colcon.colcon_core.package_identification:_identify(bascket_t4) by extension 'colcon_meta'
[0.890s] Level 1:colcon.colcon_core.package_identification:_identify(bascket_t4) by extensions ['ros']
[0.890s] Level 1:colcon.colcon_core.package_identification:_identify(bascket_t4) by extension 'ros'
[0.891s] Level 1:colcon.colcon_core.package_identification:_identify(bascket_t4) by extensions ['cmake', 'python']
[0.891s] Level 1:colcon.colcon_core.package_identification:_identify(bascket_t4) by extension 'cmake'
[0.891s] Level 1:colcon.colcon_core.package_identification:_identify(bascket_t4) by extension 'python'
[0.891s] Level 1:colcon.colcon_core.package_identification:_identify(bascket_t4) by extensions ['python_setup_py']
[0.891s] Level 1:colcon.colcon_core.package_identification:_identify(bascket_t4) by extension 'python_setup_py'
[0.893s] Level 1:colcon.colcon_core.package_identification:_identify(bascket_t5) by extensions ['ignore', 'ignore_ament_install']
[0.893s] Level 1:colcon.colcon_core.package_identification:_identify(bascket_t5) by extension 'ignore'
[0.893s] Level 1:colcon.colcon_core.package_identification:_identify(bascket_t5) by extension 'ignore_ament_install'
[0.894s] Level 1:colcon.colcon_core.package_identification:_identify(bascket_t5) by extensions ['colcon_pkg']
[0.894s] Level 1:colcon.colcon_core.package_identification:_identify(bascket_t5) by extension 'colcon_pkg'
[0.894s] Level 1:colcon.colcon_core.package_identification:_identify(bascket_t5) by extensions ['colcon_meta']
[0.894s] Level 1:colcon.colcon_core.package_identification:_identify(bascket_t5) by extension 'colcon_meta'
[0.894s] Level 1:colcon.colcon_core.package_identification:_identify(bascket_t5) by extensions ['ros']
[0.894s] Level 1:colcon.colcon_core.package_identification:_identify(bascket_t5) by extension 'ros'
[0.894s] Level 1:colcon.colcon_core.package_identification:_identify(bascket_t5) by extensions ['cmake', 'python']
[0.894s] Level 1:colcon.colcon_core.package_identification:_identify(bascket_t5) by extension 'cmake'
[0.895s] Level 1:colcon.colcon_core.package_identification:_identify(bascket_t5) by extension 'python'
[0.895s] Level 1:colcon.colcon_core.package_identification:_identify(bascket_t5) by extensions ['python_setup_py']
[0.895s] Level 1:colcon.colcon_core.package_identification:_identify(bascket_t5) by extension 'python_setup_py'
[0.895s] Level 1:colcon.colcon_core.package_identification:_identify(bascket_t6) by extensions ['ignore', 'ignore_ament_install']
[0.895s] Level 1:colcon.colcon_core.package_identification:_identify(bascket_t6) by extension 'ignore'
[0.895s] Level 1:colcon.colcon_core.package_identification:_identify(bascket_t6) by extension 'ignore_ament_install'
[0.896s] Level 1:colcon.colcon_core.package_identification:_identify(bascket_t6) by extensions ['colcon_pkg']
[0.896s] Level 1:colcon.colcon_core.package_identification:_identify(bascket_t6) by extension 'colcon_pkg'
[0.896s] Level 1:colcon.colcon_core.package_identification:_identify(bascket_t6) by extensions ['colcon_meta']
[0.896s] Level 1:colcon.colcon_core.package_identification:_identify(bascket_t6) by extension 'colcon_meta'
[0.896s] Level 1:colcon.colcon_core.package_identification:_identify(bascket_t6) by extensions ['ros']
[0.896s] Level 1:colcon.colcon_core.package_identification:_identify(bascket_t6) by extension 'ros'
[0.897s] Level 1:colcon.colcon_core.package_identification:_identify(bascket_t6) by extensions ['cmake', 'python']
[0.897s] Level 1:colcon.colcon_core.package_identification:_identify(bascket_t6) by extension 'cmake'
[0.897s] Level 1:colcon.colcon_core.package_identification:_identify(bascket_t6) by extension 'python'
[0.897s] Level 1:colcon.colcon_core.package_identification:_identify(bascket_t6) by extensions ['python_setup_py']
[0.897s] Level 1:colcon.colcon_core.package_identification:_identify(bascket_t6) by extension 'python_setup_py'
[0.897s] Level 1:colcon.colcon_core.package_identification:_identify(bascket_t7) by extensions ['ignore', 'ignore_ament_install']
[0.897s] Level 1:colcon.colcon_core.package_identification:_identify(bascket_t7) by extension 'ignore'
[0.898s] Level 1:colcon.colcon_core.package_identification:_identify(bascket_t7) by extension 'ignore_ament_install'
[0.898s] Level 1:colcon.colcon_core.package_identification:_identify(bascket_t7) by extensions ['colcon_pkg']
[0.898s] Level 1:colcon.colcon_core.package_identification:_identify(bascket_t7) by extension 'colcon_pkg'
[0.898s] Level 1:colcon.colcon_core.package_identification:_identify(bascket_t7) by extensions ['colcon_meta']
[0.898s] Level 1:colcon.colcon_core.package_identification:_identify(bascket_t7) by extension 'colcon_meta'
[0.898s] Level 1:colcon.colcon_core.package_identification:_identify(bascket_t7) by extensions ['ros']
[0.898s] Level 1:colcon.colcon_core.package_identification:_identify(bascket_t7) by extension 'ros'
[0.898s] Level 1:colcon.colcon_core.package_identification:_identify(bascket_t7) by extensions ['cmake', 'python']
[0.899s] Level 1:colcon.colcon_core.package_identification:_identify(bascket_t7) by extension 'cmake'
[0.899s] Level 1:colcon.colcon_core.package_identification:_identify(bascket_t7) by extension 'python'
[0.899s] Level 1:colcon.colcon_core.package_identification:_identify(bascket_t7) by extensions ['python_setup_py']
[0.899s] Level 1:colcon.colcon_core.package_identification:_identify(bascket_t7) by extension 'python_setup_py'
[0.899s] Level 1:colcon.colcon_core.package_identification:_identify(build) by extensions ['ignore', 'ignore_ament_install']
[0.899s] Level 1:colcon.colcon_core.package_identification:_identify(build) by extension 'ignore'
[0.899s] Level 1:colcon.colcon_core.package_identification:_identify(build) ignored
[0.900s] Level 1:colcon.colcon_core.package_identification:_identify(install) by extensions ['ignore', 'ignore_ament_install']
[0.900s] Level 1:colcon.colcon_core.package_identification:_identify(install) by extension 'ignore'
[0.900s] Level 1:colcon.colcon_core.package_identification:_identify(install) ignored
[0.900s] Level 1:colcon.colcon_core.package_identification:_identify(log) by extensions ['ignore', 'ignore_ament_install']
[0.901s] Level 1:colcon.colcon_core.package_identification:_identify(log) by extension 'ignore'
[0.901s] Level 1:colcon.colcon_core.package_identification:_identify(log) ignored
[0.901s] Level 1:colcon.colcon_core.package_identification:_identify(src) by extensions ['ignore', 'ignore_ament_install']
[0.901s] Level 1:colcon.colcon_core.package_identification:_identify(src) by extension 'ignore'
[0.901s] Level 1:colcon.colcon_core.package_identification:_identify(src) by extension 'ignore_ament_install'
[0.901s] Level 1:colcon.colcon_core.package_identification:_identify(src) by extensions ['colcon_pkg']
[0.901s] Level 1:colcon.colcon_core.package_identification:_identify(src) by extension 'colcon_pkg'
[0.902s] Level 1:colcon.colcon_core.package_identification:_identify(src) by extensions ['colcon_meta']
[0.902s] Level 1:colcon.colcon_core.package_identification:_identify(src) by extension 'colcon_meta'
[0.902s] Level 1:colcon.colcon_core.package_identification:_identify(src) by extensions ['ros']
[0.902s] Level 1:colcon.colcon_core.package_identification:_identify(src) by extension 'ros'
[0.902s] Level 1:colcon.colcon_core.package_identification:_identify(src) by extensions ['cmake', 'python']
[0.902s] Level 1:colcon.colcon_core.package_identification:_identify(src) by extension 'cmake'
[0.902s] Level 1:colcon.colcon_core.package_identification:_identify(src) by extension 'python'
[0.902s] Level 1:colcon.colcon_core.package_identification:_identify(src) by extensions ['python_setup_py']
[0.902s] Level 1:colcon.colcon_core.package_identification:_identify(src) by extension 'python_setup_py'
[0.903s] Level 1:colcon.colcon_core.package_identification:_identify(src/guardian_control) by extensions ['ignore', 'ignore_ament_install']
[0.903s] Level 1:colcon.colcon_core.package_identification:_identify(src/guardian_control) by extension 'ignore'
[0.903s] Level 1:colcon.colcon_core.package_identification:_identify(src/guardian_control) by extension 'ignore_ament_install'
[0.903s] Level 1:colcon.colcon_core.package_identification:_identify(src/guardian_control) by extensions ['colcon_pkg']
[0.903s] Level 1:colcon.colcon_core.package_identification:_identify(src/guardian_control) by extension 'colcon_pkg'
[0.903s] Level 1:colcon.colcon_core.package_identification:_identify(src/guardian_control) by extensions ['colcon_meta']
[0.904s] Level 1:colcon.colcon_core.package_identification:_identify(src/guardian_control) by extension 'colcon_meta'
[0.904s] Level 1:colcon.colcon_core.package_identification:_identify(src/guardian_control) by extensions ['ros']
[0.904s] Level 1:colcon.colcon_core.package_identification:_identify(src/guardian_control) by extension 'ros'
[0.912s] DEBUG:colcon.colcon_core.package_identification:Package 'src/guardian_control' with type 'ros.ament_python' and name 'guardian_control'
[0.912s] Level 1:colcon.colcon_core.package_discovery:discover_packages(recursive) using defaults
[0.912s] Level 1:colcon.colcon_core.package_discovery:discover_packages(ignore) discover
[0.912s] Level 1:colcon.colcon_core.package_discovery:discover_packages(ignore) using defaults
[0.912s] Level 1:colcon.colcon_core.package_discovery:discover_packages(path) discover
[0.913s] Level 1:colcon.colcon_core.package_discovery:discover_packages(path) using defaults
[1.018s] Level 1:colcon.colcon_core.package_discovery:discover_packages(prefix_path) check parameters
[1.019s] Level 1:colcon.colcon_core.package_discovery:discover_packages(prefix_path) discover
[1.028s] DEBUG:colcon.colcon_installed_package_information.package_discovery:Found 320 installed packages in /opt/ros/humble
[1.032s] Level 1:colcon.colcon_core.package_discovery:discover_packages(prefix_path) using defaults
[1.147s] Level 5:colcon.colcon_core.verb:set package 'guardian_control' build argument 'cmake_args' from command line to 'None'
[1.147s] Level 5:colcon.colcon_core.verb:set package 'guardian_control' build argument 'cmake_target' from command line to 'None'
[1.147s] Level 5:colcon.colcon_core.verb:set package 'guardian_control' build argument 'cmake_target_skip_unavailable' from command line to 'False'
[1.147s] Level 5:colcon.colcon_core.verb:set package 'guardian_control' build argument 'cmake_clean_cache' from command line to 'False'
[1.148s] Level 5:colcon.colcon_core.verb:set package 'guardian_control' build argument 'cmake_clean_first' from command line to 'False'
[1.148s] Level 5:colcon.colcon_core.verb:set package 'guardian_control' build argument 'cmake_force_configure' from command line to 'False'
[1.148s] Level 5:colcon.colcon_core.verb:set package 'guardian_control' build argument 'ament_cmake_args' from command line to 'None'
[1.148s] Level 5:colcon.colcon_core.verb:set package 'guardian_control' build argument 'catkin_cmake_args' from command line to 'None'
[1.148s] Level 5:colcon.colcon_core.verb:set package 'guardian_control' build argument 'catkin_skip_building_tests' from command line to 'False'
[1.148s] DEBUG:colcon.colcon_core.verb:Building package 'guardian_control' with the following arguments: {'ament_cmake_args': None, 'build_base': '/home/genozen/Documents/the_gaurdian/build/guardian_control', 'catkin_cmake_args': None, 'catkin_skip_building_tests': False, 'cmake_args': None, 'cmake_clean_cache': False, 'cmake_clean_first': False, 'cmake_force_configure': False, 'cmake_target': None, 'cmake_target_skip_unavailable': False, 'install_base': '/home/genozen/Documents/the_gaurdian/install/guardian_control', 'merge_install': False, 'path': '/home/genozen/Documents/the_gaurdian/src/guardian_control', 'symlink_install': True, 'test_result_base': None}
[1.148s] INFO:colcon.colcon_core.executor:Executing jobs using 'parallel' executor
[1.151s] DEBUG:colcon.colcon_parallel_executor.executor.parallel:run_until_complete
[1.152s] INFO:colcon.colcon_ros.task.ament_python.build:Building ROS package in '/home/genozen/Documents/the_gaurdian/src/guardian_control' with build type 'ament_python'
[1.153s] Level 1:colcon.colcon_core.shell:create_environment_hook('guardian_control', 'ament_prefix_path')
[1.170s] INFO:colcon.colcon_core.plugin_system:Skipping extension 'colcon_core.shell.bat': Not used on non-Windows systems
[1.171s] INFO:colcon.colcon_core.shell:Creating environment hook '/home/genozen/Documents/the_gaurdian/install/guardian_control/share/guardian_control/hook/ament_prefix_path.ps1'
[1.173s] INFO:colcon.colcon_core.shell:Creating environment descriptor '/home/genozen/Documents/the_gaurdian/install/guardian_control/share/guardian_control/hook/ament_prefix_path.dsv'
[1.174s] INFO:colcon.colcon_core.shell:Creating environment hook '/home/genozen/Documents/the_gaurdian/install/guardian_control/share/guardian_control/hook/ament_prefix_path.sh'
[1.176s] INFO:colcon.colcon_core.shell:Skip shell extension 'powershell' for command environment: Not usable outside of PowerShell
[1.177s] DEBUG:colcon.colcon_core.shell:Skip shell extension 'dsv' for command environment
[1.847s] INFO:colcon.colcon_core.task.python.build:Building Python package in '/home/genozen/Documents/the_gaurdian/src/guardian_control'
[1.848s] INFO:colcon.colcon_core.shell:Skip shell extension 'powershell' for command environment: Not usable outside of PowerShell
[1.848s] DEBUG:colcon.colcon_core.shell:Skip shell extension 'dsv' for command environment
[2.744s] DEBUG:colcon.colcon_core.event_handler.log_command:Invoking command in '/home/genozen/Documents/the_gaurdian/build/guardian_control': PYTHONPATH=/home/genozen/Documents/the_gaurdian/build/guardian_control/prefix_override:/usr/lib/python3/dist-packages/colcon_core/task/python/colcon_distutils_commands:/home/genozen/Documents/the_gaurdian/install/guardian_control/lib/python3.10/site-packages:${PYTHONPATH} /usr/bin/python3 -W ignore:setup.py install is deprecated -W ignore:easy_install command is deprecated setup.py develop --editable --build-directory /home/genozen/Documents/the_gaurdian/build/guardian_control/build --no-deps symlink_data
[3.893s] Level 1:colcon.colcon_core.shell:create_environment_hook('guardian_control', 'pythonpath_develop')
[3.894s] INFO:colcon.colcon_core.shell:Creating environment hook '/home/genozen/Documents/the_gaurdian/build/guardian_control/share/guardian_control/hook/pythonpath_develop.ps1'
[3.896s] DEBUG:colcon.colcon_core.event_handler.log_command:Invoked command in '/home/genozen/Documents/the_gaurdian/build/guardian_control' returned '0': PYTHONPATH=/home/genozen/Documents/the_gaurdian/build/guardian_control/prefix_override:/usr/lib/python3/dist-packages/colcon_core/task/python/colcon_distutils_commands:/home/genozen/Documents/the_gaurdian/install/guardian_control/lib/python3.10/site-packages:${PYTHONPATH} /usr/bin/python3 -W ignore:setup.py install is deprecated -W ignore:easy_install command is deprecated setup.py develop --editable --build-directory /home/genozen/Documents/the_gaurdian/build/guardian_control/build --no-deps symlink_data
[3.898s] INFO:colcon.colcon_core.shell:Creating environment descriptor '/home/genozen/Documents/the_gaurdian/build/guardian_control/share/guardian_control/hook/pythonpath_develop.dsv'
[3.899s] INFO:colcon.colcon_core.shell:Creating environment hook '/home/genozen/Documents/the_gaurdian/build/guardian_control/share/guardian_control/hook/pythonpath_develop.sh'
[3.913s] Level 1:colcon.colcon_core.environment:checking '/home/genozen/Documents/the_gaurdian/install/guardian_control' for CMake module files
[3.915s] Level 1:colcon.colcon_core.environment:checking '/home/genozen/Documents/the_gaurdian/install/guardian_control' for CMake config files
[3.917s] Level 1:colcon.colcon_core.environment:checking '/home/genozen/Documents/the_gaurdian/install/guardian_control/lib'
[3.918s] Level 1:colcon.colcon_core.environment:checking '/home/genozen/Documents/the_gaurdian/install/guardian_control/bin'
[3.918s] Level 1:colcon.colcon_core.environment:checking '/home/genozen/Documents/the_gaurdian/install/guardian_control/lib/pkgconfig/guardian_control.pc'
[3.919s] Level 1:colcon.colcon_core.environment:checking '/home/genozen/Documents/the_gaurdian/install/guardian_control/lib/python3.10/site-packages'
[3.919s] Level 1:colcon.colcon_core.shell:create_environment_hook('guardian_control', 'pythonpath')
[3.920s] INFO:colcon.colcon_core.shell:Creating environment hook '/home/genozen/Documents/the_gaurdian/install/guardian_control/share/guardian_control/hook/pythonpath.ps1'
[3.921s] INFO:colcon.colcon_core.shell:Creating environment descriptor '/home/genozen/Documents/the_gaurdian/install/guardian_control/share/guardian_control/hook/pythonpath.dsv'
[3.922s] INFO:colcon.colcon_core.shell:Creating environment hook '/home/genozen/Documents/the_gaurdian/install/guardian_control/share/guardian_control/hook/pythonpath.sh'
[3.924s] Level 1:colcon.colcon_core.environment:checking '/home/genozen/Documents/the_gaurdian/install/guardian_control/bin'
[3.924s] Level 1:colcon.colcon_core.environment:create_environment_scripts_only(guardian_control)
[3.925s] INFO:colcon.colcon_core.shell:Creating package script '/home/genozen/Documents/the_gaurdian/install/guardian_control/share/guardian_control/package.ps1'
[3.928s] INFO:colcon.colcon_core.shell:Creating package descriptor '/home/genozen/Documents/the_gaurdian/install/guardian_control/share/guardian_control/package.dsv'
[3.931s] INFO:colcon.colcon_core.shell:Creating package script '/home/genozen/Documents/the_gaurdian/install/guardian_control/share/guardian_control/package.sh'
[3.934s] INFO:colcon.colcon_core.shell:Creating package script '/home/genozen/Documents/the_gaurdian/install/guardian_control/share/guardian_control/package.bash'
[3.937s] INFO:colcon.colcon_core.shell:Creating package script '/home/genozen/Documents/the_gaurdian/install/guardian_control/share/guardian_control/package.zsh'
[3.940s] Level 1:colcon.colcon_core.environment:create_file_with_runtime_dependencies(/home/genozen/Documents/the_gaurdian/install/guardian_control/share/colcon-core/packages/guardian_control)
[3.941s] DEBUG:colcon.colcon_parallel_executor.executor.parallel:closing loop
[3.942s] DEBUG:colcon.colcon_parallel_executor.executor.parallel:loop closed
[3.942s] DEBUG:colcon.colcon_parallel_executor.executor.parallel:run_until_complete finished with '0'
[3.943s] DEBUG:colcon.colcon_core.event_reactor:joining thread
[3.958s] INFO:colcon.colcon_core.plugin_system:Skipping extension 'colcon_notification.desktop_notification.terminal_notifier': Not used on non-Darwin systems
[3.958s] INFO:colcon.colcon_core.plugin_system:Skipping extension 'colcon_notification.desktop_notification.win32': Not used on non-Windows systems
[3.958s] INFO:colcon.colcon_notification.desktop_notification:Sending desktop notification using 'notify2'
[4.006s] DEBUG:colcon.colcon_core.event_reactor:joined thread
[4.007s] INFO:colcon.colcon_core.shell:Creating prefix script '/home/genozen/Documents/the_gaurdian/install/local_setup.ps1'
[4.013s] INFO:colcon.colcon_core.shell:Creating prefix util module '/home/genozen/Documents/the_gaurdian/install/_local_setup_util_ps1.py'
[4.019s] INFO:colcon.colcon_core.shell:Creating prefix chain script '/home/genozen/Documents/the_gaurdian/install/setup.ps1'
[4.023s] INFO:colcon.colcon_core.shell:Creating prefix script '/home/genozen/Documents/the_gaurdian/install/local_setup.sh'
[4.025s] INFO:colcon.colcon_core.shell:Creating prefix util module '/home/genozen/Documents/the_gaurdian/install/_local_setup_util_sh.py'
[4.027s] INFO:colcon.colcon_core.shell:Creating prefix chain script '/home/genozen/Documents/the_gaurdian/install/setup.sh'
[4.030s] INFO:colcon.colcon_core.shell:Creating prefix script '/home/genozen/Documents/the_gaurdian/install/local_setup.bash'
[4.032s] INFO:colcon.colcon_core.shell:Creating prefix chain script '/home/genozen/Documents/the_gaurdian/install/setup.bash'
[4.035s] INFO:colcon.colcon_core.shell:Creating prefix script '/home/genozen/Documents/the_gaurdian/install/local_setup.zsh'
[4.036s] INFO:colcon.colcon_core.shell:Creating prefix chain script '/home/genozen/Documents/the_gaurdian/install/setup.zsh'
