[0.339s] Invoking command in '/home/genozen/Documents/the_gaurdian/the-gaurdian/build/guardian_control': PYTHONPATH=/home/genozen/Documents/the_gaurdian/the-gaurdian/build/guardian_control/prefix_override:/usr/lib/python3/dist-packages/colcon_core/task/python/colcon_distutils_commands:/home/genozen/Documents/the_gaurdian/the-gaurdian/install/guardian_control/lib/python3.10/site-packages:${PYTHONPATH} /usr/bin/python3 -W ignore:setup.py install is deprecated -W ignore:easy_install command is deprecated setup.py develop --uninstall --editable --build-directory /home/genozen/Documents/the_gaurdian/the-gaurdian/build/guardian_control/build
[0.473s] running develop
[0.570s] Removing /home/genozen/Documents/the_gaurdian/the-gaurdian/install/guardian_control/lib/python3.10/site-packages/guardian-control.egg-link (link to .)
[0.590s] Invoked command in '/home/genozen/Documents/the_gaurdian/the-gaurdian/build/guardian_control' returned '0': PYTHONPATH=/home/genozen/Documents/the_gaurdian/the-gaurdian/build/guardian_control/prefix_override:/usr/lib/python3/dist-packages/colcon_core/task/python/colcon_distutils_commands:/home/genozen/Documents/the_gaurdian/the-gaurdian/install/guardian_control/lib/python3.10/site-packages:${PYTHONPATH} /usr/bin/python3 -W ignore:setup.py install is deprecated -W ignore:easy_install command is deprecated setup.py develop --uninstall --editable --build-directory /home/genozen/Documents/the_gaurdian/the-gaurdian/build/guardian_control/build
[0.592s] Invoking command in '/home/genozen/Documents/the_gaurdian/the-gaurdian/src/guardian_control': PYTHONPATH=/home/genozen/Documents/the_gaurdian/the-gaurdian/build/guardian_control/prefix_override:/usr/lib/python3/dist-packages/colcon_core/task/python/colcon_distutils_commands:/home/genozen/Documents/the_gaurdian/the-gaurdian/install/guardian_control/lib/python3.10/site-packages:${PYTHONPATH} /usr/bin/python3 -W ignore:setup.py install is deprecated -W ignore:easy_install command is deprecated setup.py egg_info --egg-base ../../build/guardian_control build --build-base /home/genozen/Documents/the_gaurdian/the-gaurdian/build/guardian_control/build install --record /home/genozen/Documents/the_gaurdian/the-gaurdian/build/guardian_control/install.log --single-version-externally-managed install_data --force
[0.719s] running egg_info
[0.719s] writing ../../build/guardian_control/guardian_control.egg-info/PKG-INFO
[0.719s] writing dependency_links to ../../build/guardian_control/guardian_control.egg-info/dependency_links.txt
[0.719s] writing entry points to ../../build/guardian_control/guardian_control.egg-info/entry_points.txt
[0.719s] writing requirements to ../../build/guardian_control/guardian_control.egg-info/requires.txt
[0.719s] writing top-level names to ../../build/guardian_control/guardian_control.egg-info/top_level.txt
[0.720s] reading manifest file '../../build/guardian_control/guardian_control.egg-info/SOURCES.txt'
[0.721s] writing manifest file '../../build/guardian_control/guardian_control.egg-info/SOURCES.txt'
[0.721s] running build
[0.721s] running build_py
[0.721s] creating /home/genozen/Documents/the_gaurdian/the-gaurdian/build/guardian_control/build
[0.721s] creating /home/genozen/Documents/the_gaurdian/the-gaurdian/build/guardian_control/build/lib
[0.721s] creating /home/genozen/Documents/the_gaurdian/the-gaurdian/build/guardian_control/build/lib/guardian_control
[0.721s] copying guardian_control/joy_to_serial_node.py -> /home/genozen/Documents/the_gaurdian/the-gaurdian/build/guardian_control/build/lib/guardian_control
[0.721s] copying guardian_control/__init__.py -> /home/genozen/Documents/the_gaurdian/the-gaurdian/build/guardian_control/build/lib/guardian_control
[0.721s] copying guardian_control/guardian_nav_node.py -> /home/genozen/Documents/the_gaurdian/the-gaurdian/build/guardian_control/build/lib/guardian_control
[0.721s] running install
[0.721s] running install_lib
[0.722s] creating /home/genozen/Documents/the_gaurdian/the-gaurdian/install/guardian_control/lib/python3.10/site-packages/guardian_control
[0.722s] copying /home/genozen/Documents/the_gaurdian/the-gaurdian/build/guardian_control/build/lib/guardian_control/joy_to_serial_node.py -> /home/genozen/Documents/the_gaurdian/the-gaurdian/install/guardian_control/lib/python3.10/site-packages/guardian_control
[0.722s] copying /home/genozen/Documents/the_gaurdian/the-gaurdian/build/guardian_control/build/lib/guardian_control/__init__.py -> /home/genozen/Documents/the_gaurdian/the-gaurdian/install/guardian_control/lib/python3.10/site-packages/guardian_control
[0.722s] copying /home/genozen/Documents/the_gaurdian/the-gaurdian/build/guardian_control/build/lib/guardian_control/guardian_nav_node.py -> /home/genozen/Documents/the_gaurdian/the-gaurdian/install/guardian_control/lib/python3.10/site-packages/guardian_control
[0.722s] byte-compiling /home/genozen/Documents/the_gaurdian/the-gaurdian/install/guardian_control/lib/python3.10/site-packages/guardian_control/joy_to_serial_node.py to joy_to_serial_node.cpython-310.pyc
[0.723s] byte-compiling /home/genozen/Documents/the_gaurdian/the-gaurdian/install/guardian_control/lib/python3.10/site-packages/guardian_control/__init__.py to __init__.cpython-310.pyc
[0.723s] byte-compiling /home/genozen/Documents/the_gaurdian/the-gaurdian/install/guardian_control/lib/python3.10/site-packages/guardian_control/guardian_nav_node.py to guardian_nav_node.cpython-310.pyc
[0.723s] running install_data
[0.723s] copying resource/guardian_control -> /home/genozen/Documents/the_gaurdian/the-gaurdian/install/guardian_control/share/ament_index/resource_index/packages
[0.723s] copying package.xml -> /home/genozen/Documents/the_gaurdian/the-gaurdian/install/guardian_control/share/guardian_control
[0.723s] running install_egg_info
[0.724s] Copying ../../build/guardian_control/guardian_control.egg-info to /home/genozen/Documents/the_gaurdian/the-gaurdian/install/guardian_control/lib/python3.10/site-packages/guardian_control-0.0.0-py3.10.egg-info
[0.724s] running install_scripts
[0.735s] Installing guardian_nav_node script to /home/genozen/Documents/the_gaurdian/the-gaurdian/install/guardian_control/lib/guardian_control
[0.735s] Installing joy_to_serial_node script to /home/genozen/Documents/the_gaurdian/the-gaurdian/install/guardian_control/lib/guardian_control
[0.735s] writing list of installed files to '/home/genozen/Documents/the_gaurdian/the-gaurdian/build/guardian_control/install.log'
[0.744s] Invoked command in '/home/genozen/Documents/the_gaurdian/the-gaurdian/src/guardian_control' returned '0': PYTHONPATH=/home/genozen/Documents/the_gaurdian/the-gaurdian/build/guardian_control/prefix_override:/usr/lib/python3/dist-packages/colcon_core/task/python/colcon_distutils_commands:/home/genozen/Documents/the_gaurdian/the-gaurdian/install/guardian_control/lib/python3.10/site-packages:${PYTHONPATH} /usr/bin/python3 -W ignore:setup.py install is deprecated -W ignore:easy_install command is deprecated setup.py egg_info --egg-base ../../build/guardian_control build --build-base /home/genozen/Documents/the_gaurdian/the-gaurdian/build/guardian_control/build install --record /home/genozen/Documents/the_gaurdian/the-gaurdian/build/guardian_control/install.log --single-version-externally-managed install_data --force
