running develop
running egg_info
creating guardian_control.egg-info
writing guardian_control.egg-info/PKG-INFO
writing dependency_links to guardian_control.egg-info/dependency_links.txt
writing entry points to guardian_control.egg-info/entry_points.txt
writing requirements to guardian_control.egg-info/requires.txt
writing top-level names to guardian_control.egg-info/top_level.txt
writing manifest file 'guardian_control.egg-info/SOURCES.txt'
reading manifest file 'guardian_control.egg-info/SOURCES.txt'
writing manifest file 'guardian_control.egg-info/SOURCES.txt'
running build_ext
Creating /home/genozen/Documents/the_gaurdian/install/guardian_control/lib/python3.10/site-packages/guardian-control.egg-link (link to .)
Installing guardian_nav_node script to /home/genozen/Documents/the_gaurdian/install/guardian_control/lib/guardian_control
Installing joy_to_serial_node script to /home/genozen/Documents/the_gaurdian/install/guardian_control/lib/guardian_control

Installed /home/genozen/Documents/the_gaurdian/build/guardian_control
running symlink_data
creating /home/genozen/Documents/the_gaurdian/install/guardian_control/share/ament_index
creating /home/genozen/Documents/the_gaurdian/install/guardian_control/share/ament_index/resource_index
creating /home/genozen/Documents/the_gaurdian/install/guardian_control/share/ament_index/resource_index/packages
symbolically linking /home/genozen/Documents/the_gaurdian/build/guardian_control/resource/guardian_control -> /home/genozen/Documents/the_gaurdian/install/guardian_control/share/ament_index/resource_index/packages
symbolically linking /home/genozen/Documents/the_gaurdian/build/guardian_control/package.xml -> /home/genozen/Documents/the_gaurdian/install/guardian_control/share/guardian_control
