[1.656s] Invoking command in '/home/genozen/Documents/the_gaurdian/build/guardian_control': PYTHONPATH=/home/genozen/Documents/the_gaurdian/build/guardian_control/prefix_override:/usr/lib/python3/dist-packages/colcon_core/task/python/colcon_distutils_commands:/home/genozen/Documents/the_gaurdian/install/guardian_control/lib/python3.10/site-packages:${PYTHONPATH} /usr/bin/python3 -W ignore:setup.py install is deprecated -W ignore:easy_install command is deprecated setup.py develop --editable --build-directory /home/genozen/Documents/the_gaurdian/build/guardian_control/build --no-deps symlink_data
[2.338s] running develop
[2.837s] running egg_info
[2.838s] writing guardian_control.egg-info/PKG-INFO
[2.838s] writing dependency_links to guardian_control.egg-info/dependency_links.txt
[2.838s] writing entry points to guardian_control.egg-info/entry_points.txt
[2.839s] writing requirements to guardian_control.egg-info/requires.txt
[2.839s] writing top-level names to guardian_control.egg-info/top_level.txt
[2.844s] reading manifest file 'guardian_control.egg-info/SOURCES.txt'
[2.846s] writing manifest file 'guardian_control.egg-info/SOURCES.txt'
[2.850s] running build_ext
[2.850s] Creating /home/genozen/Documents/the_gaurdian/install/guardian_control/lib/python3.10/site-packages/guardian-control.egg-link (link to .)
[2.852s] Installing fire_detector script to /home/genozen/Documents/the_gaurdian/install/guardian_control/lib/guardian_control
[2.853s] Installing guardian_nav_node script to /home/genozen/Documents/the_gaurdian/install/guardian_control/lib/guardian_control
[2.853s] Installing joy_to_serial_node script to /home/genozen/Documents/the_gaurdian/install/guardian_control/lib/guardian_control
[2.854s] 
[2.854s] Installed /home/genozen/Documents/the_gaurdian/build/guardian_control
[2.854s] running symlink_data
[2.856s] symbolically linking /home/genozen/Documents/the_gaurdian/build/guardian_control/guardian_control/models/fire_epoch_50_batch_6.engine -> /home/genozen/Documents/the_gaurdian/install/guardian_control/share/guardian_control/models
[2.952s] Invoked command in '/home/genozen/Documents/the_gaurdian/build/guardian_control' returned '0': PYTHONPATH=/home/genozen/Documents/the_gaurdian/build/guardian_control/prefix_override:/usr/lib/python3/dist-packages/colcon_core/task/python/colcon_distutils_commands:/home/genozen/Documents/the_gaurdian/install/guardian_control/lib/python3.10/site-packages:${PYTHONPATH} /usr/bin/python3 -W ignore:setup.py install is deprecated -W ignore:easy_install command is deprecated setup.py develop --editable --build-directory /home/genozen/Documents/the_gaurdian/build/guardian_control/build --no-deps symlink_data
