[0.282s] DEBUG:colcon:Command line arguments: ['/usr/bin/colcon', 'build', '--symlink-install']
[0.283s] DEBUG:colcon:Parsed command line arguments: Namespace(log_base=None, log_level=None, verb_name='build', build_base='build', install_base='install', merge_install=False, symlink_install=True, test_result_base=None, continue_on_error=False, executor='parallel', parallel_workers=6, event_handlers=None, ignore_user_meta=False, metas=['./colcon.meta'], base_paths=['.'], packages_ignore=None, packages_ignore_regex=None, paths=None, packages_up_to=None, packages_up_to_regex=None, packages_above=None, packages_above_and_dependencies=None, packages_above_depth=None, packages_select_by_dep=None, packages_skip_by_dep=None, packages_skip_up_to=None, packages_select_build_failed=False, packages_skip_build_finished=False, packages_select_test_failures=False, packages_skip_test_passed=False, packages_select=None, packages_skip=None, packages_select_regex=None, packages_skip_regex=None, packages_start=None, packages_end=None, allow_overriding=[], cmake_args=None, cmake_target=None, cmake_target_skip_unavailable=False, cmake_clean_cache=False, cmake_clean_first=False, cmake_force_configure=False, ament_cmake_args=None, catkin_cmake_args=None, catkin_skip_building_tests=False, mixin_files=None, mixin=None, verb_parser=<colcon_mixin.mixin.mixin_argument.MixinArgumentDecorator object at 0xffffa96a2440>, verb_extension=<colcon_core.verb.build.BuildVerb object at 0xffffa96a1e40>, main=<bound method BuildVerb.main of <colcon_core.verb.build.BuildVerb object at 0xffffa96a1e40>>, mixin_verb=('build',))
[0.724s] Level 1:colcon.colcon_core.package_discovery:discover_packages(colcon_meta) check parameters
[0.724s] Level 1:colcon.colcon_core.package_discovery:discover_packages(recursive) check parameters
[0.724s] Level 1:colcon.colcon_core.package_discovery:discover_packages(ignore) check parameters
[0.724s] Level 1:colcon.colcon_core.package_discovery:discover_packages(path) check parameters
[0.724s] Level 1:colcon.colcon_core.package_discovery:discover_packages(colcon_meta) discover
[0.724s] Level 1:colcon.colcon_core.package_discovery:discover_packages(recursive) discover
[0.725s] INFO:colcon.colcon_core.package_discovery:Crawling recursively for packages in '/home/genozen/Documents/the_gaurdian'
[0.725s] Level 1:colcon.colcon_core.package_identification:_identify(.) by extensions ['ignore', 'ignore_ament_install']
[0.725s] Level 1:colcon.colcon_core.package_identification:_identify(.) by extension 'ignore'
[0.725s] Level 1:colcon.colcon_core.package_identification:_identify(.) by extension 'ignore_ament_install'
[0.725s] Level 1:colcon.colcon_core.package_identification:_identify(.) by extensions ['colcon_pkg']
[0.726s] Level 1:colcon.colcon_core.package_identification:_identify(.) by extension 'colcon_pkg'
[0.726s] Level 1:colcon.colcon_core.package_identification:_identify(.) by extensions ['colcon_meta']
[0.726s] Level 1:colcon.colcon_core.package_identification:_identify(.) by extension 'colcon_meta'
[0.726s] Level 1:colcon.colcon_core.package_identification:_identify(.) by extensions ['ros']
[0.726s] Level 1:colcon.colcon_core.package_identification:_identify(.) by extension 'ros'
[0.752s] Level 1:colcon.colcon_core.package_identification:_identify(.) by extensions ['cmake', 'python']
[0.753s] Level 1:colcon.colcon_core.package_identification:_identify(.) by extension 'cmake'
[0.753s] Level 1:colcon.colcon_core.package_identification:_identify(.) by extension 'python'
[0.753s] Level 1:colcon.colcon_core.package_identification:_identify(.) by extensions ['python_setup_py']
[0.753s] Level 1:colcon.colcon_core.package_identification:_identify(.) by extension 'python_setup_py'
[0.753s] Level 1:colcon.colcon_core.package_identification:_identify(bascket_t1_steady) by extensions ['ignore', 'ignore_ament_install']
[0.754s] Level 1:colcon.colcon_core.package_identification:_identify(bascket_t1_steady) by extension 'ignore'
[0.754s] Level 1:colcon.colcon_core.package_identification:_identify(bascket_t1_steady) by extension 'ignore_ament_install'
[0.754s] Level 1:colcon.colcon_core.package_identification:_identify(bascket_t1_steady) by extensions ['colcon_pkg']
[0.754s] Level 1:colcon.colcon_core.package_identification:_identify(bascket_t1_steady) by extension 'colcon_pkg'
[0.754s] Level 1:colcon.colcon_core.package_identification:_identify(bascket_t1_steady) by extensions ['colcon_meta']
[0.754s] Level 1:colcon.colcon_core.package_identification:_identify(bascket_t1_steady) by extension 'colcon_meta'
[0.754s] Level 1:colcon.colcon_core.package_identification:_identify(bascket_t1_steady) by extensions ['ros']
[0.755s] Level 1:colcon.colcon_core.package_identification:_identify(bascket_t1_steady) by extension 'ros'
[0.755s] Level 1:colcon.colcon_core.package_identification:_identify(bascket_t1_steady) by extensions ['cmake', 'python']
[0.755s] Level 1:colcon.colcon_core.package_identification:_identify(bascket_t1_steady) by extension 'cmake'
[0.755s] Level 1:colcon.colcon_core.package_identification:_identify(bascket_t1_steady) by extension 'python'
[0.755s] Level 1:colcon.colcon_core.package_identification:_identify(bascket_t1_steady) by extensions ['python_setup_py']
[0.755s] Level 1:colcon.colcon_core.package_identification:_identify(bascket_t1_steady) by extension 'python_setup_py'
[0.755s] Level 1:colcon.colcon_core.package_identification:_identify(bascket_t2) by extensions ['ignore', 'ignore_ament_install']
[0.756s] Level 1:colcon.colcon_core.package_identification:_identify(bascket_t2) by extension 'ignore'
[0.756s] Level 1:colcon.colcon_core.package_identification:_identify(bascket_t2) by extension 'ignore_ament_install'
[0.756s] Level 1:colcon.colcon_core.package_identification:_identify(bascket_t2) by extensions ['colcon_pkg']
[0.756s] Level 1:colcon.colcon_core.package_identification:_identify(bascket_t2) by extension 'colcon_pkg'
[0.756s] Level 1:colcon.colcon_core.package_identification:_identify(bascket_t2) by extensions ['colcon_meta']
[0.756s] Level 1:colcon.colcon_core.package_identification:_identify(bascket_t2) by extension 'colcon_meta'
[0.756s] Level 1:colcon.colcon_core.package_identification:_identify(bascket_t2) by extensions ['ros']
[0.756s] Level 1:colcon.colcon_core.package_identification:_identify(bascket_t2) by extension 'ros'
[0.756s] Level 1:colcon.colcon_core.package_identification:_identify(bascket_t2) by extensions ['cmake', 'python']
[0.756s] Level 1:colcon.colcon_core.package_identification:_identify(bascket_t2) by extension 'cmake'
[0.757s] Level 1:colcon.colcon_core.package_identification:_identify(bascket_t2) by extension 'python'
[0.757s] Level 1:colcon.colcon_core.package_identification:_identify(bascket_t2) by extensions ['python_setup_py']
[0.757s] Level 1:colcon.colcon_core.package_identification:_identify(bascket_t2) by extension 'python_setup_py'
[0.757s] Level 1:colcon.colcon_core.package_identification:_identify(bascket_t3) by extensions ['ignore', 'ignore_ament_install']
[0.757s] Level 1:colcon.colcon_core.package_identification:_identify(bascket_t3) by extension 'ignore'
[0.757s] Level 1:colcon.colcon_core.package_identification:_identify(bascket_t3) by extension 'ignore_ament_install'
[0.757s] Level 1:colcon.colcon_core.package_identification:_identify(bascket_t3) by extensions ['colcon_pkg']
[0.757s] Level 1:colcon.colcon_core.package_identification:_identify(bascket_t3) by extension 'colcon_pkg'
[0.758s] Level 1:colcon.colcon_core.package_identification:_identify(bascket_t3) by extensions ['colcon_meta']
[0.758s] Level 1:colcon.colcon_core.package_identification:_identify(bascket_t3) by extension 'colcon_meta'
[0.758s] Level 1:colcon.colcon_core.package_identification:_identify(bascket_t3) by extensions ['ros']
[0.758s] Level 1:colcon.colcon_core.package_identification:_identify(bascket_t3) by extension 'ros'
[0.758s] Level 1:colcon.colcon_core.package_identification:_identify(bascket_t3) by extensions ['cmake', 'python']
[0.758s] Level 1:colcon.colcon_core.package_identification:_identify(bascket_t3) by extension 'cmake'
[0.758s] Level 1:colcon.colcon_core.package_identification:_identify(bascket_t3) by extension 'python'
[0.758s] Level 1:colcon.colcon_core.package_identification:_identify(bascket_t3) by extensions ['python_setup_py']
[0.758s] Level 1:colcon.colcon_core.package_identification:_identify(bascket_t3) by extension 'python_setup_py'
[0.759s] Level 1:colcon.colcon_core.package_identification:_identify(bascket_t4) by extensions ['ignore', 'ignore_ament_install']
[0.759s] Level 1:colcon.colcon_core.package_identification:_identify(bascket_t4) by extension 'ignore'
[0.759s] Level 1:colcon.colcon_core.package_identification:_identify(bascket_t4) by extension 'ignore_ament_install'
[0.759s] Level 1:colcon.colcon_core.package_identification:_identify(bascket_t4) by extensions ['colcon_pkg']
[0.759s] Level 1:colcon.colcon_core.package_identification:_identify(bascket_t4) by extension 'colcon_pkg'
[0.759s] Level 1:colcon.colcon_core.package_identification:_identify(bascket_t4) by extensions ['colcon_meta']
[0.759s] Level 1:colcon.colcon_core.package_identification:_identify(bascket_t4) by extension 'colcon_meta'
[0.759s] Level 1:colcon.colcon_core.package_identification:_identify(bascket_t4) by extensions ['ros']
[0.760s] Level 1:colcon.colcon_core.package_identification:_identify(bascket_t4) by extension 'ros'
[0.760s] Level 1:colcon.colcon_core.package_identification:_identify(bascket_t4) by extensions ['cmake', 'python']
[0.760s] Level 1:colcon.colcon_core.package_identification:_identify(bascket_t4) by extension 'cmake'
[0.760s] Level 1:colcon.colcon_core.package_identification:_identify(bascket_t4) by extension 'python'
[0.760s] Level 1:colcon.colcon_core.package_identification:_identify(bascket_t4) by extensions ['python_setup_py']
[0.760s] Level 1:colcon.colcon_core.package_identification:_identify(bascket_t4) by extension 'python_setup_py'
[0.760s] Level 1:colcon.colcon_core.package_identification:_identify(bascket_t5) by extensions ['ignore', 'ignore_ament_install']
[0.760s] Level 1:colcon.colcon_core.package_identification:_identify(bascket_t5) by extension 'ignore'
[0.761s] Level 1:colcon.colcon_core.package_identification:_identify(bascket_t5) by extension 'ignore_ament_install'
[0.761s] Level 1:colcon.colcon_core.package_identification:_identify(bascket_t5) by extensions ['colcon_pkg']
[0.761s] Level 1:colcon.colcon_core.package_identification:_identify(bascket_t5) by extension 'colcon_pkg'
[0.761s] Level 1:colcon.colcon_core.package_identification:_identify(bascket_t5) by extensions ['colcon_meta']
[0.761s] Level 1:colcon.colcon_core.package_identification:_identify(bascket_t5) by extension 'colcon_meta'
[0.761s] Level 1:colcon.colcon_core.package_identification:_identify(bascket_t5) by extensions ['ros']
[0.761s] Level 1:colcon.colcon_core.package_identification:_identify(bascket_t5) by extension 'ros'
[0.761s] Level 1:colcon.colcon_core.package_identification:_identify(bascket_t5) by extensions ['cmake', 'python']
[0.761s] Level 1:colcon.colcon_core.package_identification:_identify(bascket_t5) by extension 'cmake'
[0.762s] Level 1:colcon.colcon_core.package_identification:_identify(bascket_t5) by extension 'python'
[0.762s] Level 1:colcon.colcon_core.package_identification:_identify(bascket_t5) by extensions ['python_setup_py']
[0.762s] Level 1:colcon.colcon_core.package_identification:_identify(bascket_t5) by extension 'python_setup_py'
[0.762s] Level 1:colcon.colcon_core.package_identification:_identify(bascket_t6) by extensions ['ignore', 'ignore_ament_install']
[0.762s] Level 1:colcon.colcon_core.package_identification:_identify(bascket_t6) by extension 'ignore'
[0.762s] Level 1:colcon.colcon_core.package_identification:_identify(bascket_t6) by extension 'ignore_ament_install'
[0.762s] Level 1:colcon.colcon_core.package_identification:_identify(bascket_t6) by extensions ['colcon_pkg']
[0.762s] Level 1:colcon.colcon_core.package_identification:_identify(bascket_t6) by extension 'colcon_pkg'
[0.763s] Level 1:colcon.colcon_core.package_identification:_identify(bascket_t6) by extensions ['colcon_meta']
[0.763s] Level 1:colcon.colcon_core.package_identification:_identify(bascket_t6) by extension 'colcon_meta'
[0.763s] Level 1:colcon.colcon_core.package_identification:_identify(bascket_t6) by extensions ['ros']
[0.763s] Level 1:colcon.colcon_core.package_identification:_identify(bascket_t6) by extension 'ros'
[0.763s] Level 1:colcon.colcon_core.package_identification:_identify(bascket_t6) by extensions ['cmake', 'python']
[0.763s] Level 1:colcon.colcon_core.package_identification:_identify(bascket_t6) by extension 'cmake'
[0.763s] Level 1:colcon.colcon_core.package_identification:_identify(bascket_t6) by extension 'python'
[0.763s] Level 1:colcon.colcon_core.package_identification:_identify(bascket_t6) by extensions ['python_setup_py']
[0.763s] Level 1:colcon.colcon_core.package_identification:_identify(bascket_t6) by extension 'python_setup_py'
[0.764s] Level 1:colcon.colcon_core.package_identification:_identify(bascket_t7) by extensions ['ignore', 'ignore_ament_install']
[0.764s] Level 1:colcon.colcon_core.package_identification:_identify(bascket_t7) by extension 'ignore'
[0.764s] Level 1:colcon.colcon_core.package_identification:_identify(bascket_t7) by extension 'ignore_ament_install'
[0.764s] Level 1:colcon.colcon_core.package_identification:_identify(bascket_t7) by extensions ['colcon_pkg']
[0.764s] Level 1:colcon.colcon_core.package_identification:_identify(bascket_t7) by extension 'colcon_pkg'
[0.764s] Level 1:colcon.colcon_core.package_identification:_identify(bascket_t7) by extensions ['colcon_meta']
[0.764s] Level 1:colcon.colcon_core.package_identification:_identify(bascket_t7) by extension 'colcon_meta'
[0.764s] Level 1:colcon.colcon_core.package_identification:_identify(bascket_t7) by extensions ['ros']
[0.764s] Level 1:colcon.colcon_core.package_identification:_identify(bascket_t7) by extension 'ros'
[0.765s] Level 1:colcon.colcon_core.package_identification:_identify(bascket_t7) by extensions ['cmake', 'python']
[0.765s] Level 1:colcon.colcon_core.package_identification:_identify(bascket_t7) by extension 'cmake'
[0.765s] Level 1:colcon.colcon_core.package_identification:_identify(bascket_t7) by extension 'python'
[0.765s] Level 1:colcon.colcon_core.package_identification:_identify(bascket_t7) by extensions ['python_setup_py']
[0.765s] Level 1:colcon.colcon_core.package_identification:_identify(bascket_t7) by extension 'python_setup_py'
[0.765s] Level 1:colcon.colcon_core.package_identification:_identify(build) by extensions ['ignore', 'ignore_ament_install']
[0.765s] Level 1:colcon.colcon_core.package_identification:_identify(build) by extension 'ignore'
[0.765s] Level 1:colcon.colcon_core.package_identification:_identify(build) ignored
[0.766s] Level 1:colcon.colcon_core.package_identification:_identify(install) by extensions ['ignore', 'ignore_ament_install']
[0.766s] Level 1:colcon.colcon_core.package_identification:_identify(install) by extension 'ignore'
[0.766s] Level 1:colcon.colcon_core.package_identification:_identify(install) ignored
[0.766s] Level 1:colcon.colcon_core.package_identification:_identify(log) by extensions ['ignore', 'ignore_ament_install']
[0.767s] Level 1:colcon.colcon_core.package_identification:_identify(log) by extension 'ignore'
[0.767s] Level 1:colcon.colcon_core.package_identification:_identify(log) ignored
[0.767s] Level 1:colcon.colcon_core.package_identification:_identify(src) by extensions ['ignore', 'ignore_ament_install']
[0.767s] Level 1:colcon.colcon_core.package_identification:_identify(src) by extension 'ignore'
[0.767s] Level 1:colcon.colcon_core.package_identification:_identify(src) by extension 'ignore_ament_install'
[0.767s] Level 1:colcon.colcon_core.package_identification:_identify(src) by extensions ['colcon_pkg']
[0.767s] Level 1:colcon.colcon_core.package_identification:_identify(src) by extension 'colcon_pkg'
[0.768s] Level 1:colcon.colcon_core.package_identification:_identify(src) by extensions ['colcon_meta']
[0.768s] Level 1:colcon.colcon_core.package_identification:_identify(src) by extension 'colcon_meta'
[0.768s] Level 1:colcon.colcon_core.package_identification:_identify(src) by extensions ['ros']
[0.768s] Level 1:colcon.colcon_core.package_identification:_identify(src) by extension 'ros'
[0.768s] Level 1:colcon.colcon_core.package_identification:_identify(src) by extensions ['cmake', 'python']
[0.768s] Level 1:colcon.colcon_core.package_identification:_identify(src) by extension 'cmake'
[0.768s] Level 1:colcon.colcon_core.package_identification:_identify(src) by extension 'python'
[0.768s] Level 1:colcon.colcon_core.package_identification:_identify(src) by extensions ['python_setup_py']
[0.768s] Level 1:colcon.colcon_core.package_identification:_identify(src) by extension 'python_setup_py'
[0.769s] Level 1:colcon.colcon_core.package_identification:_identify(src/guardian_control) by extensions ['ignore', 'ignore_ament_install']
[0.769s] Level 1:colcon.colcon_core.package_identification:_identify(src/guardian_control) by extension 'ignore'
[0.769s] Level 1:colcon.colcon_core.package_identification:_identify(src/guardian_control) by extension 'ignore_ament_install'
[0.769s] Level 1:colcon.colcon_core.package_identification:_identify(src/guardian_control) by extensions ['colcon_pkg']
[0.769s] Level 1:colcon.colcon_core.package_identification:_identify(src/guardian_control) by extension 'colcon_pkg'
[0.769s] Level 1:colcon.colcon_core.package_identification:_identify(src/guardian_control) by extensions ['colcon_meta']
[0.770s] Level 1:colcon.colcon_core.package_identification:_identify(src/guardian_control) by extension 'colcon_meta'
[0.770s] Level 1:colcon.colcon_core.package_identification:_identify(src/guardian_control) by extensions ['ros']
[0.770s] Level 1:colcon.colcon_core.package_identification:_identify(src/guardian_control) by extension 'ros'
[0.777s] DEBUG:colcon.colcon_core.package_identification:Package 'src/guardian_control' with type 'ros.ament_python' and name 'guardian_control'
[0.777s] Level 1:colcon.colcon_core.package_discovery:discover_packages(recursive) using defaults
[0.777s] Level 1:colcon.colcon_core.package_discovery:discover_packages(ignore) discover
[0.777s] Level 1:colcon.colcon_core.package_discovery:discover_packages(ignore) using defaults
[0.777s] Level 1:colcon.colcon_core.package_discovery:discover_packages(path) discover
[0.777s] Level 1:colcon.colcon_core.package_discovery:discover_packages(path) using defaults
[0.860s] Level 1:colcon.colcon_core.package_discovery:discover_packages(prefix_path) check parameters
[0.860s] Level 1:colcon.colcon_core.package_discovery:discover_packages(prefix_path) discover
[0.864s] DEBUG:colcon.colcon_installed_package_information.package_discovery:Found 1 installed packages in /home/genozen/Documents/the_gaurdian/install
[0.868s] DEBUG:colcon.colcon_installed_package_information.package_discovery:Found 320 installed packages in /opt/ros/humble
[0.871s] Level 1:colcon.colcon_core.package_discovery:discover_packages(prefix_path) using defaults
[0.972s] Level 5:colcon.colcon_core.verb:set package 'guardian_control' build argument 'cmake_args' from command line to 'None'
[0.972s] Level 5:colcon.colcon_core.verb:set package 'guardian_control' build argument 'cmake_target' from command line to 'None'
[0.972s] Level 5:colcon.colcon_core.verb:set package 'guardian_control' build argument 'cmake_target_skip_unavailable' from command line to 'False'
[0.972s] Level 5:colcon.colcon_core.verb:set package 'guardian_control' build argument 'cmake_clean_cache' from command line to 'False'
[0.972s] Level 5:colcon.colcon_core.verb:set package 'guardian_control' build argument 'cmake_clean_first' from command line to 'False'
[0.972s] Level 5:colcon.colcon_core.verb:set package 'guardian_control' build argument 'cmake_force_configure' from command line to 'False'
[0.973s] Level 5:colcon.colcon_core.verb:set package 'guardian_control' build argument 'ament_cmake_args' from command line to 'None'
[0.973s] Level 5:colcon.colcon_core.verb:set package 'guardian_control' build argument 'catkin_cmake_args' from command line to 'None'
[0.973s] Level 5:colcon.colcon_core.verb:set package 'guardian_control' build argument 'catkin_skip_building_tests' from command line to 'False'
[0.973s] DEBUG:colcon.colcon_core.verb:Building package 'guardian_control' with the following arguments: {'ament_cmake_args': None, 'build_base': '/home/genozen/Documents/the_gaurdian/build/guardian_control', 'catkin_cmake_args': None, 'catkin_skip_building_tests': False, 'cmake_args': None, 'cmake_clean_cache': False, 'cmake_clean_first': False, 'cmake_force_configure': False, 'cmake_target': None, 'cmake_target_skip_unavailable': False, 'install_base': '/home/genozen/Documents/the_gaurdian/install/guardian_control', 'merge_install': False, 'path': '/home/genozen/Documents/the_gaurdian/src/guardian_control', 'symlink_install': True, 'test_result_base': None}
[0.973s] INFO:colcon.colcon_core.executor:Executing jobs using 'parallel' executor
[0.977s] DEBUG:colcon.colcon_parallel_executor.executor.parallel:run_until_complete
[0.978s] INFO:colcon.colcon_ros.task.ament_python.build:Building ROS package in '/home/genozen/Documents/the_gaurdian/src/guardian_control' with build type 'ament_python'
[0.979s] Level 1:colcon.colcon_core.shell:create_environment_hook('guardian_control', 'ament_prefix_path')
[0.987s] INFO:colcon.colcon_core.plugin_system:Skipping extension 'colcon_core.shell.bat': Not used on non-Windows systems
[0.988s] INFO:colcon.colcon_core.shell:Creating environment hook '/home/genozen/Documents/the_gaurdian/install/guardian_control/share/guardian_control/hook/ament_prefix_path.ps1'
[0.990s] INFO:colcon.colcon_core.shell:Creating environment descriptor '/home/genozen/Documents/the_gaurdian/install/guardian_control/share/guardian_control/hook/ament_prefix_path.dsv'
[0.991s] INFO:colcon.colcon_core.shell:Creating environment hook '/home/genozen/Documents/the_gaurdian/install/guardian_control/share/guardian_control/hook/ament_prefix_path.sh'
[0.993s] INFO:colcon.colcon_core.shell:Skip shell extension 'powershell' for command environment: Not usable outside of PowerShell
[0.993s] DEBUG:colcon.colcon_core.shell:Skip shell extension 'dsv' for command environment
[1.690s] INFO:colcon.colcon_core.task.python.build:Building Python package in '/home/genozen/Documents/the_gaurdian/src/guardian_control'
[1.691s] INFO:colcon.colcon_core.shell:Skip shell extension 'powershell' for command environment: Not usable outside of PowerShell
[1.692s] DEBUG:colcon.colcon_core.shell:Skip shell extension 'dsv' for command environment
[2.586s] DEBUG:colcon.colcon_core.event_handler.log_command:Invoking command in '/home/genozen/Documents/the_gaurdian/build/guardian_control': PYTHONPATH=/home/genozen/Documents/the_gaurdian/build/guardian_control/prefix_override:/usr/lib/python3/dist-packages/colcon_core/task/python/colcon_distutils_commands:/home/genozen/Documents/the_gaurdian/install/guardian_control/lib/python3.10/site-packages:${PYTHONPATH} /usr/bin/python3 -W ignore:setup.py install is deprecated -W ignore:easy_install command is deprecated setup.py develop --editable --build-directory /home/genozen/Documents/the_gaurdian/build/guardian_control/build --no-deps symlink_data
[3.801s] Level 1:colcon.colcon_core.shell:create_environment_hook('guardian_control', 'pythonpath_develop')
[3.802s] INFO:colcon.colcon_core.shell:Creating environment hook '/home/genozen/Documents/the_gaurdian/build/guardian_control/share/guardian_control/hook/pythonpath_develop.ps1'
[3.803s] DEBUG:colcon.colcon_core.event_handler.log_command:Invoked command in '/home/genozen/Documents/the_gaurdian/build/guardian_control' returned '0': PYTHONPATH=/home/genozen/Documents/the_gaurdian/build/guardian_control/prefix_override:/usr/lib/python3/dist-packages/colcon_core/task/python/colcon_distutils_commands:/home/genozen/Documents/the_gaurdian/install/guardian_control/lib/python3.10/site-packages:${PYTHONPATH} /usr/bin/python3 -W ignore:setup.py install is deprecated -W ignore:easy_install command is deprecated setup.py develop --editable --build-directory /home/genozen/Documents/the_gaurdian/build/guardian_control/build --no-deps symlink_data
[3.807s] INFO:colcon.colcon_core.shell:Creating environment descriptor '/home/genozen/Documents/the_gaurdian/build/guardian_control/share/guardian_control/hook/pythonpath_develop.dsv'
[3.808s] INFO:colcon.colcon_core.shell:Creating environment hook '/home/genozen/Documents/the_gaurdian/build/guardian_control/share/guardian_control/hook/pythonpath_develop.sh'
[3.815s] Level 1:colcon.colcon_core.environment:checking '/home/genozen/Documents/the_gaurdian/install/guardian_control' for CMake module files
[3.816s] Level 1:colcon.colcon_core.environment:checking '/home/genozen/Documents/the_gaurdian/install/guardian_control' for CMake config files
[3.818s] Level 1:colcon.colcon_core.environment:checking '/home/genozen/Documents/the_gaurdian/install/guardian_control/lib'
[3.818s] Level 1:colcon.colcon_core.environment:checking '/home/genozen/Documents/the_gaurdian/install/guardian_control/bin'
[3.819s] Level 1:colcon.colcon_core.environment:checking '/home/genozen/Documents/the_gaurdian/install/guardian_control/lib/pkgconfig/guardian_control.pc'
[3.819s] Level 1:colcon.colcon_core.environment:checking '/home/genozen/Documents/the_gaurdian/install/guardian_control/lib/python3.10/site-packages'
[3.819s] Level 1:colcon.colcon_core.shell:create_environment_hook('guardian_control', 'pythonpath')
[3.820s] INFO:colcon.colcon_core.shell:Creating environment hook '/home/genozen/Documents/the_gaurdian/install/guardian_control/share/guardian_control/hook/pythonpath.ps1'
[3.821s] INFO:colcon.colcon_core.shell:Creating environment descriptor '/home/genozen/Documents/the_gaurdian/install/guardian_control/share/guardian_control/hook/pythonpath.dsv'
[3.822s] INFO:colcon.colcon_core.shell:Creating environment hook '/home/genozen/Documents/the_gaurdian/install/guardian_control/share/guardian_control/hook/pythonpath.sh'
[3.824s] Level 1:colcon.colcon_core.environment:checking '/home/genozen/Documents/the_gaurdian/install/guardian_control/bin'
[3.824s] Level 1:colcon.colcon_core.environment:create_environment_scripts_only(guardian_control)
[3.825s] INFO:colcon.colcon_core.shell:Creating package script '/home/genozen/Documents/the_gaurdian/install/guardian_control/share/guardian_control/package.ps1'
[3.827s] INFO:colcon.colcon_core.shell:Creating package descriptor '/home/genozen/Documents/the_gaurdian/install/guardian_control/share/guardian_control/package.dsv'
[3.828s] INFO:colcon.colcon_core.shell:Creating package script '/home/genozen/Documents/the_gaurdian/install/guardian_control/share/guardian_control/package.sh'
[3.830s] INFO:colcon.colcon_core.shell:Creating package script '/home/genozen/Documents/the_gaurdian/install/guardian_control/share/guardian_control/package.bash'
[3.832s] INFO:colcon.colcon_core.shell:Creating package script '/home/genozen/Documents/the_gaurdian/install/guardian_control/share/guardian_control/package.zsh'
[3.834s] Level 1:colcon.colcon_core.environment:create_file_with_runtime_dependencies(/home/genozen/Documents/the_gaurdian/install/guardian_control/share/colcon-core/packages/guardian_control)
[3.836s] DEBUG:colcon.colcon_parallel_executor.executor.parallel:closing loop
[3.837s] DEBUG:colcon.colcon_parallel_executor.executor.parallel:loop closed
[3.837s] DEBUG:colcon.colcon_parallel_executor.executor.parallel:run_until_complete finished with '0'
[3.838s] DEBUG:colcon.colcon_core.event_reactor:joining thread
[3.853s] INFO:colcon.colcon_core.plugin_system:Skipping extension 'colcon_notification.desktop_notification.terminal_notifier': Not used on non-Darwin systems
[3.854s] INFO:colcon.colcon_core.plugin_system:Skipping extension 'colcon_notification.desktop_notification.win32': Not used on non-Windows systems
[3.854s] INFO:colcon.colcon_notification.desktop_notification:Sending desktop notification using 'notify2'
[3.905s] DEBUG:colcon.colcon_core.event_reactor:joined thread
[3.906s] INFO:colcon.colcon_core.shell:Creating prefix script '/home/genozen/Documents/the_gaurdian/install/local_setup.ps1'
[3.909s] INFO:colcon.colcon_core.shell:Creating prefix util module '/home/genozen/Documents/the_gaurdian/install/_local_setup_util_ps1.py'
[3.913s] INFO:colcon.colcon_core.shell:Creating prefix chain script '/home/genozen/Documents/the_gaurdian/install/setup.ps1'
[3.916s] INFO:colcon.colcon_core.shell:Creating prefix script '/home/genozen/Documents/the_gaurdian/install/local_setup.sh'
[3.917s] INFO:colcon.colcon_core.shell:Creating prefix util module '/home/genozen/Documents/the_gaurdian/install/_local_setup_util_sh.py'
[3.918s] INFO:colcon.colcon_core.shell:Creating prefix chain script '/home/genozen/Documents/the_gaurdian/install/setup.sh'
[3.921s] INFO:colcon.colcon_core.shell:Creating prefix script '/home/genozen/Documents/the_gaurdian/install/local_setup.bash'
[3.922s] INFO:colcon.colcon_core.shell:Creating prefix chain script '/home/genozen/Documents/the_gaurdian/install/setup.bash'
[3.924s] INFO:colcon.colcon_core.shell:Creating prefix script '/home/genozen/Documents/the_gaurdian/install/local_setup.zsh'
[3.926s] INFO:colcon.colcon_core.shell:Creating prefix chain script '/home/genozen/Documents/the_gaurdian/install/setup.zsh'
